Aug 01 08:03:30.463 INFO Starting: C:\Program Files\Microsoft VS Code\Code.exe, false
Aug 01 08:03:30.463 INFO Checking for running Code.exe processes... (attempt 1)
Aug 01 08:03:30.463 INFO Code.exe is running, wait a bit
Aug 01 08:03:30.979 INFO Checking for running Code.exe processes... (attempt 2)
Aug 01 08:03:30.979 INFO Code.exe is running, wait a bit
Aug 01 08:03:31.494 INFO Checking for running Code.exe processes... (attempt 3)
Aug 01 08:03:31.494 INFO Code.exe is running, wait a bit
Aug 01 08:03:32.010 INFO Checking for running Code.exe processes... (attempt 4)
Aug 01 08:03:32.010 INFO Code.exe is running, wait a bit
Aug 01 08:03:32.526 INFO Checking for running Code.exe processes... (attempt 5)
Aug 01 08:03:32.526 INFO Code.exe is running, wait a bit
Aug 01 08:03:33.041 INFO Checking for running Code.exe processes... (attempt 6)
Aug 01 08:03:33.041 INFO Code.exe is running, wait a bit
Aug 01 08:03:33.557 INFO Checking for running Code.exe processes... (attempt 7)
Aug 01 08:03:33.557 INFO Code.exe is running, wait a bit
Aug 01 08:03:34.073 INFO Checking for running Code.exe processes... (attempt 8)
Aug 01 08:03:34.073 INFO Code.exe is running, wait a bit
Aug 01 08:03:34.588 INFO Checking for running Code.exe processes... (attempt 9)
Aug 01 08:03:34.588 INFO Code.exe is running, wait a bit
Aug 01 08:03:35.104 INFO Checking for running Code.exe processes... (attempt 10)
Aug 01 08:03:35.104 INFO Code.exe is running, wait a bit
Aug 01 08:03:35.620 INFO Checking for running Code.exe processes... (attempt 11)
Aug 01 08:03:35.620 INFO Code.exe is running, wait a bit
Aug 01 08:03:36.135 INFO Checking for running Code.exe processes... (attempt 12)
Aug 01 08:03:36.135 INFO Code.exe is running, wait a bit
Aug 01 08:03:36.651 INFO Checking for running Code.exe processes... (attempt 13)
Aug 01 08:03:36.651 INFO Code.exe is running, wait a bit
Aug 01 08:03:37.166 INFO Checking for running Code.exe processes... (attempt 14)
Aug 01 08:03:37.166 INFO Code.exe is running, wait a bit
Aug 01 08:03:37.682 INFO Checking for running Code.exe processes... (attempt 15)
Aug 01 08:03:37.682 INFO Code.exe is running, wait a bit
Aug 01 08:03:38.198 INFO Checking for running Code.exe processes... (attempt 16)
Aug 01 08:03:38.198 INFO Code.exe is running, wait a bit
Aug 01 08:03:38.713 INFO Checking for running Code.exe processes... (attempt 17)
Aug 01 08:03:38.713 INFO Code.exe is running, wait a bit
Aug 01 08:03:39.229 INFO Checking for running Code.exe processes... (attempt 18)
Aug 01 08:03:39.229 INFO Code.exe is running, wait a bit
Aug 01 08:03:39.745 INFO Checking for running Code.exe processes... (attempt 19)
Aug 01 08:03:39.745 INFO Code.exe is running, wait a bit
Aug 01 08:03:40.260 INFO Checking for running Code.exe processes... (attempt 20)
Aug 01 08:03:40.260 INFO Code.exe is running, wait a bit
Aug 01 08:03:40.776 INFO Checking for running Code.exe processes... (attempt 21)
Aug 01 08:03:40.776 INFO Code.exe is running, wait a bit
Aug 01 08:03:41.292 INFO Checking for running Code.exe processes... (attempt 22)
Aug 01 08:03:41.292 INFO Code.exe is running, wait a bit
Aug 01 08:03:41.807 INFO Checking for running Code.exe processes... (attempt 23)
Aug 01 08:03:41.807 INFO Code.exe is running, wait a bit
Aug 01 08:03:42.323 INFO Checking for running Code.exe processes... (attempt 24)
Aug 01 08:03:42.323 INFO Code.exe is running, wait a bit
Aug 01 08:03:42.839 INFO Checking for running Code.exe processes... (attempt 25)
Aug 01 08:03:42.839 INFO Code.exe is running, wait a bit
Aug 01 08:03:43.354 INFO Checking for running Code.exe processes... (attempt 26)
Aug 01 08:03:43.354 INFO Code.exe is running, wait a bit
Aug 01 08:03:43.870 INFO Checking for running Code.exe processes... (attempt 27)
Aug 01 08:03:43.870 INFO Code.exe is running, wait a bit
Aug 01 08:03:44.386 INFO Checking for running Code.exe processes... (attempt 28)
Aug 01 08:03:44.386 INFO Code.exe is running, wait a bit
Aug 01 08:03:44.901 INFO Checking for running Code.exe processes... (attempt 29)
Aug 01 08:03:44.901 INFO Code.exe is running, wait a bit
Aug 01 08:03:45.417 INFO Checking for running Code.exe processes... (attempt 30)
Aug 01 08:03:45.417 INFO Code.exe is running, wait a bit
Aug 01 08:03:45.932 INFO Checking for running Code.exe processes... (attempt 31)
Aug 01 08:03:45.932 INFO Code.exe is running, wait a bit
Aug 01 08:03:46.448 INFO Checking for running Code.exe processes... (attempt 32)
Aug 01 08:03:46.448 INFO Code.exe is running, wait a bit
Aug 01 08:03:46.964 INFO Checking for running Code.exe processes... (attempt 33)
Aug 01 08:03:46.964 INFO Code.exe is running, wait a bit
Aug 01 08:03:47.479 INFO Checking for running Code.exe processes... (attempt 34)
Aug 01 08:03:47.479 INFO Code.exe is running, wait a bit
Aug 01 08:03:47.995 INFO Checking for running Code.exe processes... (attempt 35)
Aug 01 08:03:47.995 INFO Code.exe is running, wait a bit
Aug 01 08:03:48.511 INFO Checking for running Code.exe processes... (attempt 36)
Aug 01 08:03:48.511 INFO Code.exe is running, wait a bit
Aug 01 08:03:49.026 INFO Checking for running Code.exe processes... (attempt 37)
Aug 01 08:03:49.026 INFO Code.exe is running, wait a bit
Aug 01 08:03:49.542 INFO Checking for running Code.exe processes... (attempt 38)
Aug 01 08:03:49.542 INFO Code.exe is running, wait a bit
Aug 01 08:03:50.058 INFO Checking for running Code.exe processes... (attempt 39)
Aug 01 08:03:50.058 INFO Code.exe is running, wait a bit
Aug 01 08:03:50.573 INFO Checking for running Code.exe processes... (attempt 40)
Aug 01 08:03:50.573 INFO Code.exe is running, wait a bit
Aug 01 08:03:51.089 INFO Checking for running Code.exe processes... (attempt 41)
Aug 01 08:03:51.089 INFO Code.exe is running, wait a bit
Aug 01 08:03:51.605 INFO Checking for running Code.exe processes... (attempt 42)
Aug 01 08:03:51.605 INFO Code.exe is running, wait a bit
Aug 01 08:03:52.120 INFO Checking for running Code.exe processes... (attempt 43)
Aug 01 08:03:52.120 INFO Code.exe is running, wait a bit
Aug 01 08:03:52.636 INFO Checking for running Code.exe processes... (attempt 44)
Aug 01 08:03:52.636 INFO Code.exe is running, wait a bit
Aug 01 08:03:53.152 INFO Checking for running Code.exe processes... (attempt 45)
Aug 01 08:03:53.152 INFO Code.exe is running, wait a bit
Aug 01 08:03:53.667 INFO Checking for running Code.exe processes... (attempt 46)
Aug 01 08:03:53.667 INFO Code.exe is running, wait a bit
Aug 01 08:03:54.183 INFO Checking for running Code.exe processes... (attempt 47)
Aug 01 08:03:54.183 INFO Code.exe is running, wait a bit
Aug 01 08:03:54.698 INFO Checking for running Code.exe processes... (attempt 48)
Aug 01 08:03:54.698 INFO Code.exe is running, wait a bit
Aug 01 08:03:55.214 INFO Checking for running Code.exe processes... (attempt 49)
Aug 01 08:03:55.214 INFO Code.exe is running, wait a bit
Aug 01 08:03:55.730 INFO Checking for running Code.exe processes... (attempt 50)
Aug 01 08:03:55.730 INFO Code.exe is running, wait a bit
Aug 01 08:03:56.245 INFO Checking for running Code.exe processes... (attempt 51)
Aug 01 08:03:56.245 INFO Code.exe is running, wait a bit
Aug 01 08:03:56.761 INFO Checking for running Code.exe processes... (attempt 52)
Aug 01 08:03:56.761 INFO Code.exe is running, wait a bit
Aug 01 08:03:57.277 INFO Checking for running Code.exe processes... (attempt 53)
Aug 01 08:03:57.277 INFO Code.exe is running, wait a bit
Aug 01 08:03:57.792 INFO Checking for running Code.exe processes... (attempt 54)
Aug 01 08:03:57.792 INFO Code.exe is running, wait a bit
Aug 01 08:03:58.308 INFO Checking for running Code.exe processes... (attempt 55)
Aug 01 08:03:58.308 INFO Code.exe is running, wait a bit
Aug 01 08:03:58.824 INFO Checking for running Code.exe processes... (attempt 56)
Aug 01 08:03:58.824 INFO Code.exe is running, wait a bit
Aug 01 08:03:59.339 INFO Checking for running Code.exe processes... (attempt 57)
Aug 01 08:03:59.339 INFO Code.exe is running, wait a bit
Aug 01 08:03:59.855 INFO Checking for running Code.exe processes... (attempt 58)
Aug 01 08:03:59.855 INFO Code.exe is running, wait a bit
Aug 01 08:04:00.371 INFO Checking for running Code.exe processes... (attempt 59)
Aug 01 08:04:00.371 INFO Code.exe is running, wait a bit
Aug 01 08:04:00.886 INFO Checking for running Code.exe processes... (attempt 60)
Aug 01 08:04:00.886 INFO Gave up waiting for Code.exe to exit
Aug 01 08:04:00.886 INFO Checking for possible conflicting running processes... (attempt 1)
Aug 01 08:04:00.886 INFO Kill process if found: 11192, Code.exe
Aug 01 08:04:00.886 INFO Found Code.exe running, pid 11192, attempting to kill...
Aug 01 08:04:00.886 INFO Kill process if found: 15256, Code.exe
Aug 01 08:04:00.886 INFO Found Code.exe running, pid 15256, attempting to kill...
Aug 01 08:04:00.886 WARN Kill error Failed to kill process
Aug 01 08:04:00.886 WARN Kill error Failed to kill process
Aug 01 08:04:00.964 INFO Checking for possible conflicting running processes... (attempt 2)
Aug 01 08:04:00.964 INFO Kill process if found: 11192, Code.exe
Aug 01 08:04:00.964 INFO Found Code.exe running, pid 11192, attempting to kill...
Aug 01 08:04:00.964 INFO Kill process if found: 15256, Code.exe
Aug 01 08:04:00.964 INFO Found Code.exe running, pid 15256, attempting to kill...
Aug 01 08:04:00.964 WARN Kill error Failed to kill process
Aug 01 08:04:00.964 WARN Kill error Failed to kill process
Aug 01 08:04:01.183 INFO Checking for possible conflicting running processes... (attempt 3)
Aug 01 08:04:01.183 INFO Kill process if found: 11192, Code.exe
Aug 01 08:04:01.183 INFO Found Code.exe running, pid 11192, attempting to kill...
Aug 01 08:04:01.183 INFO Kill process if found: 15256, Code.exe
Aug 01 08:04:01.183 INFO Found Code.exe running, pid 15256, attempting to kill...
Aug 01 08:04:01.183 WARN Kill error Failed to kill process
Aug 01 08:04:01.183 WARN Kill error Failed to kill process
Aug 01 08:04:01.652 INFO Checking for possible conflicting running processes... (attempt 4)
Aug 01 08:04:01.652 INFO Kill process if found: 11192, Code.exe
Aug 01 08:04:01.652 INFO Found Code.exe running, pid 11192, attempting to kill...
Aug 01 08:04:01.652 INFO Kill process if found: 15256, Code.exe
Aug 01 08:04:01.652 INFO Found Code.exe running, pid 15256, attempting to kill...
Aug 01 08:04:01.652 WARN Kill error Failed to kill process
Aug 01 08:04:01.652 WARN Kill error Failed to kill process
Aug 01 08:04:02.464 INFO Checking for possible conflicting running processes... (attempt 5)
Aug 01 08:04:02.464 INFO Kill process if found: 11192, Code.exe
Aug 01 08:04:02.464 INFO Found Code.exe running, pid 11192, attempting to kill...
Aug 01 08:04:02.464 INFO Kill process if found: 15256, Code.exe
Aug 01 08:04:02.464 INFO Found Code.exe running, pid 15256, attempting to kill...
Aug 01 08:04:02.464 WARN Kill error Failed to kill process
Aug 01 08:04:02.464 WARN Kill error Failed to kill process
Aug 01 08:04:03.730 INFO Checking for possible conflicting running processes... (attempt 6)
Aug 01 08:04:03.730 INFO Kill process if found: 11192, Code.exe
Aug 01 08:04:03.730 INFO Found Code.exe running, pid 11192, attempting to kill...
Aug 01 08:04:03.730 INFO Kill process if found: 15256, Code.exe
Aug 01 08:04:03.730 INFO Found Code.exe running, pid 15256, attempting to kill...
Aug 01 08:04:03.730 WARN Kill error Failed to kill process
Aug 01 08:04:03.730 WARN Kill error Failed to kill process
Aug 01 08:04:05.543 INFO Checking for possible conflicting running processes... (attempt 7)
Aug 01 08:04:05.543 INFO Kill process if found: 11192, Code.exe
Aug 01 08:04:05.543 INFO Found Code.exe running, pid 11192, attempting to kill...
Aug 01 08:04:05.543 INFO Kill process if found: 15256, Code.exe
Aug 01 08:04:05.543 INFO Found Code.exe running, pid 15256, attempting to kill...
Aug 01 08:04:05.543 WARN Kill error Failed to kill process
Aug 01 08:04:05.543 WARN Kill error Failed to kill process
Aug 01 08:04:08.012 INFO Checking for possible conflicting running processes... (attempt 8)
Aug 01 08:04:08.012 INFO Kill process if found: 11192, Code.exe
Aug 01 08:04:08.012 INFO Found Code.exe running, pid 11192, attempting to kill...
Aug 01 08:04:08.012 INFO Kill process if found: 15256, Code.exe
Aug 01 08:04:08.012 INFO Found Code.exe running, pid 15256, attempting to kill...
Aug 01 08:04:08.012 WARN Kill error Failed to kill process
Aug 01 08:04:08.012 WARN Kill error Failed to kill process
Aug 01 08:04:11.230 INFO Checking for possible conflicting running processes... (attempt 9)
Aug 01 08:04:11.230 INFO Kill process if found: 11192, Code.exe
Aug 01 08:04:11.230 INFO Found Code.exe running, pid 11192, attempting to kill...
Aug 01 08:04:11.230 INFO Kill process if found: 15256, Code.exe
Aug 01 08:04:11.230 INFO Found Code.exe running, pid 15256, attempting to kill...
Aug 01 08:04:11.230 WARN Kill error Failed to kill process
Aug 01 08:04:11.230 WARN Kill error Failed to kill process
Aug 01 08:04:15.298 INFO Checking for possible conflicting running processes... (attempt 10)
Aug 01 08:04:15.298 INFO Kill process if found: 11192, Code.exe
Aug 01 08:04:15.298 INFO Found Code.exe running, pid 11192, attempting to kill...
Aug 01 08:04:15.298 INFO Kill process if found: 15256, Code.exe
Aug 01 08:04:15.298 INFO Found Code.exe running, pid 15256, attempting to kill...
Aug 01 08:04:15.298 WARN Kill error Failed to kill process
Aug 01 08:04:15.298 WARN Kill error Failed to kill process
Aug 01 08:04:20.321 INFO Checking for possible conflicting running processes... (attempt 11)
Aug 01 08:04:20.321 INFO Kill process if found: 11192, Code.exe
Aug 01 08:04:20.321 INFO Found Code.exe running, pid 11192, attempting to kill...
Aug 01 08:04:20.321 INFO Kill process if found: 15256, Code.exe
Aug 01 08:04:20.321 INFO Found Code.exe running, pid 15256, attempting to kill...
Aug 01 08:04:20.321 WARN Kill error Failed to kill process
Aug 01 08:04:20.321 WARN Kill error Failed to kill process
Aug 01 08:04:20.321 ERRO Failed to kill process
